<?xml version="1.0" encoding="UTF-8"?>
<testsuites name="Regres API_Lat Test Suite" time="14.542" tests="6" failures="0" errors="0">
   <testsuite name="Regres API_Lat Test Suite" tests="6" failures="0" errors="0" time="14.542" skipped="0" timestamp="2022-09-22 23:52:20" hostname="User - DESKTOP-D98QCI9" id="Test Suites/Regres API_Lat Test Suite">
      <properties>
         <property name="deviceName" value=""/>
         <property name="devicePlatform" value=""/>
         <property name="logFolder" value="C:\\Users\\User\\git\\Uji_Regresi_API_Lat_KATALON_220922\\Reports\\20220922_235216\\Regres API_Lat Test Suite\\20220922_235216"/>
         <property name="logFiles" value="C:\\Users\\User\\git\\Uji_Regresi_API_Lat_KATALON_220922\\Reports\\20220922_235216\\Regres API_Lat Test Suite\\20220922_235216\\execution0.log"/>
         <property name="attachments" value=""/>
         <property name="hostName" value="User - DESKTOP-D98QCI9"/>
         <property name="hostAddress" value="192.168.1.5"/>
         <property name="os" value="Windows 10 64bit"/>
         <property name="katalonVersion" value="8.4.1.208"/>
      </properties>
      <testcase name="Test Cases/TC01_Get_List_Users" time="4.337" classname="Test Cases/TC01_Get_List_Users" status="PASSED">
         <system-out><![CDATA[2022-09-22 23:52:21 - [TEST_CASE][PASSED] - Test Cases/TC01_Get_List_Users: Test Cases/TC01_Get_List_Users

2022-09-22 23:52:21 - [TEST_STEP][PASSED] - response = sendRequest(findTestObject("CRUD_API/Get API/Get All Users")): Send request successfully

2022-09-22 23:52:25 - [MESSAGE][INFO] - HAR: C:\Users\User\git\Uji_Regresi_API_Lat_KATALON_220922\Reports\20220922_235216\Regres API_Lat Test Suite\20220922_235216\requests\main\0.har

2022-09-22 23:52:25 - [MESSAGE][PASSED] - Send request successfully

2022-09-22 23:52:25 - [TEST_STEP][PASSED] - verifyResponseStatusCode(response, 200): Verify response status code successfully

2022-09-22 23:52:25 - [MESSAGE][PASSED] - Verify response status code successfully

2022-09-22 23:52:25 - [TEST_STEP][PASSED] - verifyElementPropertyValue(response, "total", 12): Verify element property value successfully

2022-09-22 23:52:25 - [MESSAGE][PASSED] - Verify element property value successfully

2022-09-22 23:52:25 - [TEST_STEP][PASSED] - verifyElementPropertyValue(response, "data[3].first_name", "Byron"): Verify element property value successfully

2022-09-22 23:52:25 - [MESSAGE][PASSED] - Verify element property value successfully]]></system-out>
         <system-err><![CDATA[]]></system-err>
      </testcase>
      <testcase name="Test Cases/TC02_Post_New_User" time="1.266" classname="Test Cases/TC02_Post_New_User" status="PASSED">
         <system-out><![CDATA[2022-09-22 23:52:25 - [TEST_CASE][PASSED] - Test Cases/TC02_Post_New_User: Test Cases/TC02_Post_New_User

2022-09-22 23:52:26 - [TEST_STEP][PASSED] - response = sendRequest(findTestObject("CRUD_API/Post API/Post New User")): Send request successfully

2022-09-22 23:52:26 - [MESSAGE][INFO] - HAR: C:\Users\User\git\Uji_Regresi_API_Lat_KATALON_220922\Reports\20220922_235216\Regres API_Lat Test Suite\20220922_235216\requests\main\1.har

2022-09-22 23:52:26 - [MESSAGE][PASSED] - Send request successfully

2022-09-22 23:52:26 - [TEST_STEP][PASSED] - verifyResponseStatusCode(response, 201): Verify response status code successfully

2022-09-22 23:52:26 - [MESSAGE][PASSED] - Verify response status code successfully

2022-09-22 23:52:26 - [TEST_STEP][PASSED] - verifyElementPropertyValue(response, "name", "morpheus"): Verify element property value successfully

2022-09-22 23:52:26 - [MESSAGE][PASSED] - Verify element property value successfully]]></system-out>
         <system-err><![CDATA[]]></system-err>
      </testcase>
      <testcase name="Test Cases/TC03_Post_Succes_Registered" time="1.177" classname="Test Cases/TC03_Post_Succes_Registered" status="PASSED">
         <system-out><![CDATA[2022-09-22 23:52:26 - [TEST_CASE][PASSED] - Test Cases/TC03_Post_Succes_Registered: Test Cases/TC03_Post_Succes_Registered

2022-09-22 23:52:27 - [TEST_STEP][PASSED] - response = sendRequest(findTestObject("CRUD_API/Post API/Post Success Register")): Send request successfully

2022-09-22 23:52:27 - [MESSAGE][INFO] - HAR: C:\Users\User\git\Uji_Regresi_API_Lat_KATALON_220922\Reports\20220922_235216\Regres API_Lat Test Suite\20220922_235216\requests\main\2.har

2022-09-22 23:52:27 - [MESSAGE][PASSED] - Send request successfully

2022-09-22 23:52:27 - [TEST_STEP][PASSED] - verifyResponseStatusCode(response, 200): Verify response status code successfully

2022-09-22 23:52:27 - [MESSAGE][PASSED] - Verify response status code successfully

2022-09-22 23:52:27 - [TEST_STEP][PASSED] - verifyElementPropertyValue(response, "token", "QpwL5tke4Pnpja7X4"): Verify element property value successfully

2022-09-22 23:52:27 - [MESSAGE][PASSED] - Verify element property value successfully]]></system-out>
         <system-err><![CDATA[]]></system-err>
      </testcase>
      <testcase name="Test Cases/TC04_Validasi_Response_Login" time="2.553" classname="Test Cases/TC04_Validasi_Response_Login" status="PASSED">
         <system-out><![CDATA[2022-09-22 23:52:27 - [TEST_CASE][PASSED] - Test Cases/TC04_Validasi_Response_Login: Test Cases/TC04_Validasi_Response_Login

2022-09-22 23:52:28 - [TEST_STEP][PASSED] - sendRequest(findTestObject("CRUD_API/Post API/Post Success Login")): Send request successfully

2022-09-22 23:52:29 - [MESSAGE][INFO] - HAR: C:\Users\User\git\Uji_Regresi_API_Lat_KATALON_220922\Reports\20220922_235216\Regres API_Lat Test Suite\20220922_235216\requests\main\3.har

2022-09-22 23:52:29 - [MESSAGE][PASSED] - Send request successfully

2022-09-22 23:52:29 - [TEST_STEP][PASSED] - response = sendRequestAndVerify(findTestObject("CRUD_API/Post API/Post Success Login")): Send request and verify the response successfully

2022-09-22 23:52:29 - [MESSAGE][INFO] - HAR: C:\Users\User\git\Uji_Regresi_API_Lat_KATALON_220922\Reports\20220922_235216\Regres API_Lat Test Suite\20220922_235216\requests\main\4.har

2022-09-22 23:52:29 - [TEST_CASE][PASSED] - Start Test Case : Verification: Verification accomplished successfully

2022-09-22 23:52:30 - [TEST_STEP][PASSED] - request = getInstance().getCurrentRequest(): null

2022-09-22 23:52:30 - [TEST_STEP][PASSED] - response = getInstance().getCurrentResponse(): null

2022-09-22 23:52:30 - [TEST_STEP][PASSED] - verifyElementPropertyValue(response, "token", "QpwL5tke4Pnpja7X4"): Verify element property value successfully

2022-09-22 23:52:30 - [MESSAGE][PASSED] - Verify element property value successfully

2022-09-22 23:52:30 - [MESSAGE][PASSED] - Verify response successfully

2022-09-22 23:52:30 - [MESSAGE][PASSED] - All validation steps have been passed

2022-09-22 23:52:30 - [MESSAGE][PASSED] - Send request and verify the response successfully

2022-09-22 23:52:30 - [TEST_STEP][PASSED] - verifyResponseStatusCode(response, 200): Verify response status code successfully

2022-09-22 23:52:30 - [MESSAGE][PASSED] - Verify response status code successfully

2022-09-22 23:52:30 - [TEST_STEP][PASSED] - verifyElementPropertyValue(response, "token", "QpwL5tke4Pnpja7X4"): Verify element property value successfully

2022-09-22 23:52:30 - [MESSAGE][PASSED] - Verify element property value successfully]]></system-out>
         <system-err><![CDATA[]]></system-err>
      </testcase>
      <testcase name="Test Cases/TC05_Validasi_Response_Update" time="2.49" classname="Test Cases/TC05_Validasi_Response_Update" status="PASSED">
         <system-out><![CDATA[2022-09-22 23:52:30 - [TEST_CASE][PASSED] - Test Cases/TC05_Validasi_Response_Update: Test Cases/TC05_Validasi_Response_Update

2022-09-22 23:52:31 - [TEST_STEP][PASSED] - sendRequest(findTestObject("CRUD_API/Put API/Put API Update user")): Send request successfully

2022-09-22 23:52:31 - [MESSAGE][INFO] - HAR: C:\Users\User\git\Uji_Regresi_API_Lat_KATALON_220922\Reports\20220922_235216\Regres API_Lat Test Suite\20220922_235216\requests\main\5.har

2022-09-22 23:52:31 - [MESSAGE][PASSED] - Send request successfully

2022-09-22 23:52:31 - [TEST_STEP][PASSED] - response = sendRequestAndVerify(findTestObject("CRUD_API/Put API/Put API Update user")): Send request and verify the response successfully

2022-09-22 23:52:32 - [MESSAGE][INFO] - HAR: C:\Users\User\git\Uji_Regresi_API_Lat_KATALON_220922\Reports\20220922_235216\Regres API_Lat Test Suite\20220922_235216\requests\main\6.har

2022-09-22 23:52:32 - [TEST_CASE][PASSED] - Start Test Case : Verification: Verification accomplished successfully

2022-09-22 23:52:32 - [TEST_STEP][PASSED] - request = getInstance().getCurrentRequest(): null

2022-09-22 23:52:32 - [TEST_STEP][PASSED] - response = getInstance().getCurrentResponse(): null

2022-09-22 23:52:32 - [TEST_STEP][PASSED] - verifyElementPropertyValue(response, "job", "zion resident"): Verify element property value successfully

2022-09-22 23:52:32 - [MESSAGE][PASSED] - Verify element property value successfully

2022-09-22 23:52:32 - [TEST_STEP][PASSED] - verifyResponseStatusCode(response, 200): Verify response status code successfully

2022-09-22 23:52:32 - [MESSAGE][PASSED] - Verify response status code successfully

2022-09-22 23:52:32 - [TEST_STEP][PASSED] - getStatusCode()).isEqualTo(200): null

2022-09-22 23:52:32 - [MESSAGE][PASSED] - Verify response successfully

2022-09-22 23:52:32 - [MESSAGE][PASSED] - All validation steps have been passed

2022-09-22 23:52:32 - [MESSAGE][PASSED] - Send request and verify the response successfully

2022-09-22 23:52:32 - [TEST_STEP][PASSED] - verifyResponseStatusCode(response, 200): Verify response status code successfully

2022-09-22 23:52:32 - [MESSAGE][PASSED] - Verify response status code successfully

2022-09-22 23:52:32 - [TEST_STEP][PASSED] - verifyElementPropertyValue(response, "job", "zion resident"): Verify element property value successfully

2022-09-22 23:52:33 - [MESSAGE][PASSED] - Verify element property value successfully]]></system-out>
         <system-err><![CDATA[]]></system-err>
      </testcase>
      <testcase name="Test Cases/TC06_Validasi_Response_Delete" time="2.195" classname="Test Cases/TC06_Validasi_Response_Delete" status="PASSED">
         <system-out><![CDATA[2022-09-22 23:52:33 - [TEST_CASE][PASSED] - Test Cases/TC06_Validasi_Response_Delete: Test Cases/TC06_Validasi_Response_Delete

2022-09-22 23:52:33 - [TEST_STEP][PASSED] - sendRequest(findTestObject("CRUD_API/Delete API/Delete User")): Send request successfully

2022-09-22 23:52:34 - [MESSAGE][INFO] - HAR: C:\Users\User\git\Uji_Regresi_API_Lat_KATALON_220922\Reports\20220922_235216\Regres API_Lat Test Suite\20220922_235216\requests\main\7.har

2022-09-22 23:52:34 - [MESSAGE][PASSED] - Send request successfully

2022-09-22 23:52:34 - [TEST_STEP][PASSED] - response = sendRequestAndVerify(findTestObject("CRUD_API/Delete API/Delete User")): Send request and verify the response successfully

2022-09-22 23:52:34 - [MESSAGE][INFO] - HAR: C:\Users\User\git\Uji_Regresi_API_Lat_KATALON_220922\Reports\20220922_235216\Regres API_Lat Test Suite\20220922_235216\requests\main\8.har

2022-09-22 23:52:35 - [TEST_CASE][PASSED] - Start Test Case : Verification: Verification accomplished successfully

2022-09-22 23:52:35 - [TEST_STEP][PASSED] - request = getInstance().getCurrentRequest(): null

2022-09-22 23:52:35 - [TEST_STEP][PASSED] - response = getInstance().getCurrentResponse(): null

2022-09-22 23:52:35 - [MESSAGE][PASSED] - Verify response successfully

2022-09-22 23:52:35 - [MESSAGE][PASSED] - All validation steps have been passed

2022-09-22 23:52:35 - [MESSAGE][PASSED] - Send request and verify the response successfully

2022-09-22 23:52:35 - [TEST_STEP][PASSED] - verifyResponseStatusCode(response, 204): Verify response status code successfully

2022-09-22 23:52:35 - [MESSAGE][PASSED] - Verify response status code successfully]]></system-out>
         <system-err><![CDATA[]]></system-err>
      </testcase>
      <system-out><![CDATA[2022-09-22 23:52:20 - [TEST_SUITE][PASSED] - Regres API_Lat Test Suite: Test Cases/TC06_Validasi_Response_Delete]]></system-out>
      <system-err><![CDATA[]]></system-err>
   </testsuite>
</testsuites>
